<?xml version="1.0" encoding="UTF-8"?>
<!-- Generated by org.testng.reporters.JUnitXMLReporter -->
<testsuite hostname="DESKTOP-5CPQCAR" ignored="0" name="Default test" tests="1" failures="0" timestamp="2021-09-09T22:53:44 CLST" time="0.991" errors="0">
  <testcase name="@BeforeTest beforeTest" time="0.947" classname="entidad.NewTest">
    <failure type="org.openqa.selenium.WebDriverException" message="unknown error: cannot find Chrome binary
Build info: version: &amp;apos;3.141.59&amp;apos;, revision: &amp;apos;e82be7d358&amp;apos;, time: &amp;apos;2018-11-14T08:17:03&amp;apos;
System info: host: &amp;apos;DESKTOP-5CPQCAR&amp;apos;, ip: &amp;apos;192.168.0.6&amp;apos;, os.name: &amp;apos;Windows 10&amp;apos;, os.arch: &amp;apos;amd64&amp;apos;, os.version: &amp;apos;10.0&amp;apos;, java.version: &amp;apos;1.8.0_111&amp;apos;
Driver info: driver.version: ChromeDriver
remote stacktrace: Backtrace:
	Ordinal0 [0x004A1B23+1448739]
	Ordinal0 [0x00425A11+940561]
	Ordinal0 [0x003B2293+467603]
	Ordinal0 [0x0034B6C1+46785]
	Ordinal0 [0x00368D19+167193]
	Ordinal0 [0x003688ED+166125]
	Ordinal0 [0x00366FFB+159739]
	Ordinal0 [0x003509F6+68086]
	Ordinal0 [0x00351990+72080]
	Ordinal0 [0x00351929+71977]
	GetHandleVerifier [0x005E2E4C+1172140]
	GetHandleVerifier [0x0053FE35+504469]
	GetHandleVerifier [0x0053FBD0+503856]
	Ordinal0 [0x004AC9A8+1493416]
	GetHandleVerifier [0x0054060A+506474]
	Ordinal0 [0x00437136+1012022]
	Ordinal0 [0x00436FAF+1011631]
	Ordinal0 [0x0044133B+1053499]
	Ordinal0 [0x004414A3+1053859]
	Ordinal0 [0x004404D5+1049813]
	BaseThreadInitThunk [0x7574FA29+25]
	RtlGetAppContainerNamedObjectPath [0x774B7A7E+286]
	RtlGetAppContainerNamedObjectPath [0x774B7A4E+238]
">
      <![CDATA[org.openqa.selenium.WebDriverException: unknown error: cannot find Chrome binary
Build info: version: '3.141.59', revision: 'e82be7d358', time: '2018-11-14T08:17:03'
System info: host: 'DESKTOP-5CPQCAR', ip: '192.168.0.6', os.name: 'Windows 10', os.arch: 'amd64', os.version: '10.0', java.version: '1.8.0_111'
Driver info: driver.version: ChromeDriver
remote stacktrace: Backtrace:
Ordinal0 [0x004A1B23+1448739]
Ordinal0 [0x00425A11+940561]
Ordinal0 [0x003B2293+467603]
Ordinal0 [0x0034B6C1+46785]
Ordinal0 [0x00368D19+167193]
Ordinal0 [0x003688ED+166125]
Ordinal0 [0x00366FFB+159739]
Ordinal0 [0x003509F6+68086]
Ordinal0 [0x00351990+72080]
Ordinal0 [0x00351929+71977]
GetHandleVerifier [0x005E2E4C+1172140]
GetHandleVerifier [0x0053FE35+504469]
GetHandleVerifier [0x0053FBD0+503856]
Ordinal0 [0x004AC9A8+1493416]
GetHandleVerifier [0x0054060A+506474]
Ordinal0 [0x00437136+1012022]
Ordinal0 [0x00436FAF+1011631]
Ordinal0 [0x0044133B+1053499]
Ordinal0 [0x004414A3+1053859]
Ordinal0 [0x004404D5+1049813]
BaseThreadInitThunk [0x7574FA29+25]
RtlGetAppContainerNamedObjectPath [0x774B7A7E+286]
RtlGetAppContainerNamedObjectPath [0x774B7A4E+238]

at sun.reflect.NativeConstructorAccessorImpl.newInstance0(Native Method)
at sun.reflect.NativeConstructorAccessorImpl.newInstance(NativeConstructorAccessorImpl.java:62)
at sun.reflect.DelegatingConstructorAccessorImpl.newInstance(DelegatingConstructorAccessorImpl.java:45)
at java.lang.reflect.Constructor.newInstance(Constructor.java:423)
at org.openqa.selenium.remote.W3CHandshakeResponse.lambda$errorHandler$0(W3CHandshakeResponse.java:62)
at org.openqa.selenium.remote.HandshakeResponse.lambda$getResponseFunction$0(HandshakeResponse.java:30)
at org.openqa.selenium.remote.ProtocolHandshake.lambda$createSession$0(ProtocolHandshake.java:126)
at java.util.stream.ReferencePipeline$3$1.accept(ReferencePipeline.java:193)
at java.util.Spliterators$ArraySpliterator.tryAdvance(Spliterators.java:958)
at java.util.stream.ReferencePipeline.forEachWithCancel(ReferencePipeline.java:126)
at java.util.stream.AbstractPipeline.copyIntoWithCancel(AbstractPipeline.java:498)
at java.util.stream.AbstractPipeline.copyInto(AbstractPipeline.java:485)
at java.util.stream.AbstractPipeline.wrapAndCopyInto(AbstractPipeline.java:471)
at java.util.stream.FindOps$FindOp.evaluateSequential(FindOps.java:152)
at java.util.stream.AbstractPipeline.evaluate(AbstractPipeline.java:234)
at java.util.stream.ReferencePipeline.findFirst(ReferencePipeline.java:464)
at org.openqa.selenium.remote.ProtocolHandshake.createSession(ProtocolHandshake.java:128)
at org.openqa.selenium.remote.ProtocolHandshake.createSession(ProtocolHandshake.java:74)
at org.openqa.selenium.remote.HttpCommandExecutor.execute(HttpCommandExecutor.java:136)
at org.openqa.selenium.remote.service.DriverCommandExecutor.execute(DriverCommandExecutor.java:83)
at org.openqa.selenium.remote.RemoteWebDriver.execute(RemoteWebDriver.java:552)
at org.openqa.selenium.remote.RemoteWebDriver.startSession(RemoteWebDriver.java:213)
at org.openqa.selenium.remote.RemoteWebDriver.<init>(RemoteWebDriver.java:131)
at org.openqa.selenium.chrome.ChromeDriver.<init>(ChromeDriver.java:181)
at org.openqa.selenium.chrome.ChromeDriver.<init>(ChromeDriver.java:168)
at org.openqa.selenium.chrome.ChromeDriver.<init>(ChromeDriver.java:123)
at entidad.NewTest.beforeTest(NewTest.java:34)
at sun.reflect.NativeMethodAccessorImpl.invoke0(Native Method)
at sun.reflect.NativeMethodAccessorImpl.invoke(NativeMethodAccessorImpl.java:62)
at sun.reflect.DelegatingMethodAccessorImpl.invoke(DelegatingMethodAccessorImpl.java:43)
at java.lang.reflect.Method.invoke(Method.java:498)
at org.testng.internal.MethodInvocationHelper.invokeMethod(MethodInvocationHelper.java:133)
at org.testng.internal.MethodInvocationHelper.invokeMethodConsideringTimeout(MethodInvocationHelper.java:62)
at org.testng.internal.ConfigInvoker.invokeConfigurationMethod(ConfigInvoker.java:385)
at org.testng.internal.ConfigInvoker.invokeConfigurations(ConfigInvoker.java:321)
at org.testng.TestRunner.invokeTestConfigurations(TestRunner.java:637)
at org.testng.TestRunner.beforeRun(TestRunner.java:627)
at org.testng.TestRunner.run(TestRunner.java:589)
at org.testng.SuiteRunner.runTest(SuiteRunner.java:377)
at org.testng.SuiteRunner.runSequentially(SuiteRunner.java:371)
at org.testng.SuiteRunner.privateRun(SuiteRunner.java:332)
at org.testng.SuiteRunner.run(SuiteRunner.java:276)
at org.testng.SuiteRunnerWorker.runSuite(SuiteRunnerWorker.java:53)
at org.testng.SuiteRunnerWorker.run(SuiteRunnerWorker.java:96)
at org.testng.TestNG.runSuitesSequentially(TestNG.java:1212)
at org.testng.TestNG.runSuitesLocally(TestNG.java:1134)
at org.testng.TestNG.runSuites(TestNG.java:1063)
at org.testng.TestNG.run(TestNG.java:1031)
at org.testng.remote.AbstractRemoteTestNG.run(AbstractRemoteTestNG.java:115)
at org.testng.remote.RemoteTestNG.initAndRun(RemoteTestNG.java:251)
at org.testng.remote.RemoteTestNG.main(RemoteTestNG.java:77)
]]>
    </failure>
  </testcase> <!-- @BeforeTest beforeTest -->
  <testcase name="@AfterTest afterTest" time="-1.631238824934E9" classname="entidad.NewTest">
    <skipped/>
  </testcase> <!-- @AfterTest afterTest -->
  <testcase name="f" time="0.0" classname="entidad.NewTest">
    <skipped/>
  </testcase> <!-- f -->
</testsuite> <!-- Default test -->
